<?xml version="1.0" encoding="UTF-8"?>
<coverage generated="1657620814065" clover="3.2.0">
  <project timestamp="1657620814066" name="All files">
    <metrics statements="63" coveredstatements="38" conditionals="35" coveredconditionals="21" methods="25" coveredmethods="11" elements="123" coveredelements="70" complexity="0" loc="63" ncloc="63" packages="7" files="12" classes="12"/>
    <package name="src">
      <metrics statements="11" coveredstatements="0" conditionals="0" coveredconditionals="0" methods="3" coveredmethods="0"/>
      <file name="App.js" path="C:\Users\DELL\LOKAL ARDI\BlueBird\UNIT TEST REACT\book-list-react\src\App.js">
        <metrics statements="7" coveredstatements="0" conditionals="0" coveredconditionals="0" methods="3" coveredmethods="0"/>
        <line num="7" count="0" type="stmt"/>
        <line num="8" count="0" type="stmt"/>
        <line num="10" count="0" type="stmt"/>
        <line num="11" count="0" type="stmt"/>
        <line num="13" count="0" type="stmt"/>
        <line num="18" count="0" type="stmt"/>
        <line num="19" count="0" type="stmt"/>
      </file>
      <file name="createStore.js" path="C:\Users\DELL\LOKAL ARDI\BlueBird\UNIT TEST REACT\book-list-react\src\createStore.js">
        <metrics statements="3" coveredstatements="0" conditionals="0" coveredconditionals="0" methods="0" coveredmethods="0"/>
        <line num="5" count="0" type="stmt"/>
        <line num="7" count="0" type="stmt"/>
        <line num="11" count="0" type="stmt"/>
      </file>
      <file name="index.js" path="C:\Users\DELL\LOKAL ARDI\BlueBird\UNIT TEST REACT\book-list-react\src\index.js">
        <metrics statements="1" coveredstatements="0" conditionals="0" coveredconditionals="0" methods="0" coveredmethods="0"/>
        <line num="10" count="0" type="stmt"/>
      </file>
    </package>
    <package name="src.actions">
      <metrics statements="11" coveredstatements="1" conditionals="12" coveredconditionals="0" methods="8" coveredmethods="0"/>
      <file name="index.js" path="C:\Users\DELL\LOKAL ARDI\BlueBird\UNIT TEST REACT\book-list-react\src\actions\index.js">
        <metrics statements="10" coveredstatements="0" conditionals="12" coveredconditionals="0" methods="8" coveredmethods="0"/>
        <line num="3" count="0" type="stmt"/>
        <line num="4" count="0" type="stmt"/>
        <line num="8" count="0" type="stmt"/>
        <line num="11" count="0" type="stmt"/>
        <line num="13" count="0" type="stmt"/>
        <line num="16" count="0" type="stmt"/>
        <line num="17" count="0" type="stmt"/>
        <line num="18" count="0" type="stmt"/>
        <line num="21" count="0" type="stmt"/>
        <line num="34" count="0" type="stmt"/>
      </file>
      <file name="types.js" path="C:\Users\DELL\LOKAL ARDI\BlueBird\UNIT TEST REACT\book-list-react\src\actions\types.js">
        <metrics statements="1" coveredstatements="1" conditionals="0" coveredconditionals="0" methods="0" coveredmethods="0"/>
        <line num="1" count="1" type="stmt"/>
      </file>
    </package>
    <package name="src.components.Books">
      <metrics statements="18" coveredstatements="18" conditionals="14" coveredconditionals="14" methods="5" coveredmethods="5"/>
      <file name="BookItem.js" path="C:\Users\DELL\LOKAL ARDI\BlueBird\UNIT TEST REACT\book-list-react\src\components\Books\BookItem.js">
        <metrics statements="12" coveredstatements="12" conditionals="10" coveredconditionals="10" methods="3" coveredmethods="3"/>
        <line num="4" count="2" type="stmt"/>
        <line num="5" count="7" type="stmt"/>
        <line num="7" count="7" type="stmt"/>
        <line num="31" count="7" type="stmt"/>
        <line num="32" count="2" type="cond" truecount="2" falsecount="0"/>
        <line num="33" count="1" type="stmt"/>
        <line num="36" count="1" type="stmt"/>
        <line num="41" count="7" type="stmt"/>
        <line num="47" count="7" type="cond" truecount="2" falsecount="0"/>
        <line num="48" count="1" type="stmt"/>
        <line num="51" count="6" type="stmt"/>
        <line num="66" count="12" type="cond" truecount="2" falsecount="0"/>
      </file>
      <file name="Books.js" path="C:\Users\DELL\LOKAL ARDI\BlueBird\UNIT TEST REACT\book-list-react\src\components\Books\Books.js">
        <metrics statements="6" coveredstatements="6" conditionals="4" coveredconditionals="4" methods="2" coveredmethods="2"/>
        <line num="5" count="1" type="stmt"/>
        <line num="6" count="3" type="stmt"/>
        <line num="8" count="3" type="cond" truecount="2" falsecount="0"/>
        <line num="9" count="1" type="stmt"/>
        <line num="12" count="2" type="stmt"/>
        <line num="18" count="1" type="stmt"/>
      </file>
    </package>
    <package name="src.components.SearchBook">
      <metrics statements="13" coveredstatements="9" conditionals="0" coveredconditionals="0" methods="5" coveredmethods="2"/>
      <file name="SearchBook.js" path="C:\Users\DELL\LOKAL ARDI\BlueBird\UNIT TEST REACT\book-list-react\src\components\SearchBook\SearchBook.js">
        <metrics statements="4" coveredstatements="3" conditionals="0" coveredconditionals="0" methods="2" coveredmethods="1"/>
        <line num="5" count="1" type="stmt"/>
        <line num="6" count="1" type="stmt"/>
        <line num="7" count="0" type="stmt"/>
        <line num="10" count="1" type="stmt"/>
      </file>
      <file name="SearchForm.js" path="C:\Users\DELL\LOKAL ARDI\BlueBird\UNIT TEST REACT\book-list-react\src\components\SearchBook\SearchForm.js">
        <metrics statements="9" coveredstatements="6" conditionals="0" coveredconditionals="0" methods="3" coveredmethods="1"/>
        <line num="4" count="2" type="stmt"/>
        <line num="5" count="2" type="stmt"/>
        <line num="6" count="2" type="stmt"/>
        <line num="7" count="0" type="stmt"/>
        <line num="10" count="2" type="stmt"/>
        <line num="11" count="0" type="stmt"/>
        <line num="15" count="0" type="stmt"/>
        <line num="18" count="2" type="stmt"/>
        <line num="24" count="2" type="stmt"/>
      </file>
    </package>
    <package name="src.components.SharedButton">
      <metrics statements="7" coveredstatements="7" conditionals="6" coveredconditionals="4" methods="3" coveredmethods="3"/>
      <file name="SharedButton.js" path="C:\Users\DELL\LOKAL ARDI\BlueBird\UNIT TEST REACT\book-list-react\src\components\SharedButton\SharedButton.js">
        <metrics statements="7" coveredstatements="7" conditionals="6" coveredconditionals="4" methods="3" coveredmethods="3"/>
        <line num="3" count="5" type="stmt"/>
        <line num="4" count="7" type="stmt"/>
        <line num="6" count="7" type="stmt"/>
        <line num="7" count="2" type="cond" truecount="1" falsecount="1"/>
        <line num="8" count="2" type="stmt"/>
        <line num="12" count="7" type="stmt"/>
        <line num="15" count="2" type="stmt"/>
      </file>
    </package>
    <package name="src.reducers">
      <metrics statements="0" coveredstatements="0" conditionals="0" coveredconditionals="0" methods="0" coveredmethods="0"/>
      <file name="index.js" path="C:\Users\DELL\LOKAL ARDI\BlueBird\UNIT TEST REACT\book-list-react\src\reducers\index.js">
        <metrics statements="0" coveredstatements="0" conditionals="0" coveredconditionals="0" methods="0" coveredmethods="0"/>
      </file>
    </package>
    <package name="src.reducers.books">
      <metrics statements="3" coveredstatements="3" conditionals="3" coveredconditionals="3" methods="1" coveredmethods="1"/>
      <file name="booksReducer.js" path="C:\Users\DELL\LOKAL ARDI\BlueBird\UNIT TEST REACT\book-list-react\src\reducers\books\booksReducer.js">
        <metrics statements="3" coveredstatements="3" conditionals="3" coveredconditionals="3" methods="1" coveredmethods="1"/>
        <line num="4" count="2" type="cond" truecount="2" falsecount="0"/>
        <line num="6" count="1" type="stmt"/>
        <line num="8" count="1" type="stmt"/>
      </file>
    </package>
  </project>
</coverage>
