<?xml version="1.0" encoding="UTF-8"?>
<coverage generated="1657593374927" clover="3.2.0">
  <project timestamp="1657593374927" name="All files">
    <metrics statements="58" coveredstatements="22" conditionals="29" coveredconditionals="6" methods="28" coveredmethods="6" elements="115" coveredelements="34" complexity="0" loc="58" ncloc="58" packages="3" files="7" classes="7"/>
    <package name="src">
      <metrics statements="19" coveredstatements="0" conditionals="15" coveredconditionals="0" methods="10" coveredmethods="0"/>
      <file name="App.js" path="C:\Users\DELL\LOKAL ARDI\BlueBird\UNIT TEST REACT\book-list-react\src\App.js">
        <metrics statements="18" coveredstatements="0" conditionals="15" coveredconditionals="0" methods="10" coveredmethods="0"/>
        <line num="5" count="0" type="stmt"/>
        <line num="6" count="0" type="stmt"/>
        <line num="7" count="0" type="stmt"/>
        <line num="9" count="0" type="cond" truecount="0" falsecount="1"/>
        <line num="10" count="0" type="stmt"/>
        <line num="14" count="0" type="stmt"/>
        <line num="17" count="0" type="stmt"/>
        <line num="19" count="0" type="stmt"/>
        <line num="22" count="0" type="stmt"/>
        <line num="23" count="0" type="stmt"/>
        <line num="24" count="0" type="stmt"/>
        <line num="27" count="0" type="stmt"/>
        <line num="40" count="0" type="stmt"/>
        <line num="45" count="0" type="stmt"/>
        <line num="50" count="0" type="stmt"/>
        <line num="51" count="0" type="stmt"/>
        <line num="57" count="0" type="cond" truecount="0" falsecount="2"/>
        <line num="58" count="0" type="stmt"/>
      </file>
      <file name="index.js" path="C:\Users\DELL\LOKAL ARDI\BlueBird\UNIT TEST REACT\book-list-react\src\index.js">
        <metrics statements="1" coveredstatements="0" conditionals="0" coveredconditionals="0" methods="0" coveredmethods="0"/>
        <line num="8" count="0" type="stmt"/>
      </file>
    </package>
    <package name="src.components.Books">
      <metrics statements="27" coveredstatements="14" conditionals="14" coveredconditionals="6" methods="13" coveredmethods="4"/>
      <file name="BookItem.js" path="C:\Users\DELL\LOKAL ARDI\BlueBird\UNIT TEST REACT\book-list-react\src\components\Books\BookItem.js">
        <metrics statements="7" coveredstatements="6" conditionals="4" coveredconditionals="3" methods="3" coveredmethods="2"/>
        <line num="4" count="2" type="stmt"/>
        <line num="13" count="2" type="stmt"/>
        <line num="15" count="2" type="cond" truecount="2" falsecount="0"/>
        <line num="16" count="1" type="stmt"/>
        <line num="19" count="1" type="stmt"/>
        <line num="34" count="1" type="cond" truecount="1" falsecount="1"/>
        <line num="44" count="0" type="stmt"/>
      </file>
      <file name="Books.js" path="C:\Users\DELL\LOKAL ARDI\BlueBird\UNIT TEST REACT\book-list-react\src\components\Books\Books.js">
        <metrics statements="7" coveredstatements="4" conditionals="4" coveredconditionals="1" methods="3" coveredmethods="1"/>
        <line num="5" count="1" type="stmt"/>
        <line num="6" count="2" type="stmt"/>
        <line num="8" count="2" type="cond" truecount="1" falsecount="1"/>
        <line num="9" count="2" type="stmt"/>
        <line num="12" count="0" type="stmt"/>
        <line num="18" count="0" type="stmt"/>
        <line num="26" count="0" type="stmt"/>
      </file>
      <file name="FavoriteItem.js" path="C:\Users\DELL\LOKAL ARDI\BlueBird\UNIT TEST REACT\book-list-react\src\components\Books\FavoriteItem.js">
        <metrics statements="13" coveredstatements="4" conditionals="6" coveredconditionals="2" methods="7" coveredmethods="1"/>
        <line num="3" count="3" type="stmt"/>
        <line num="4" count="1" type="stmt"/>
        <line num="5" count="0" type="stmt"/>
        <line num="10" count="0" type="stmt"/>
        <line num="14" count="0" type="stmt"/>
        <line num="15" count="0" type="stmt"/>
        <line num="18" count="1" type="stmt"/>
        <line num="19" count="0" type="stmt"/>
        <line num="24" count="0" type="stmt"/>
        <line num="27" count="1" type="stmt"/>
        <line num="32" count="0" type="cond" truecount="0" falsecount="2"/>
        <line num="33" count="0" type="stmt"/>
        <line num="35" count="0" type="stmt"/>
      </file>
    </package>
    <package name="src.components.SearchBook">
      <metrics statements="12" coveredstatements="8" conditionals="0" coveredconditionals="0" methods="5" coveredmethods="2"/>
      <file name="SearchBook.js" path="C:\Users\DELL\LOKAL ARDI\BlueBird\UNIT TEST REACT\book-list-react\src\components\SearchBook\SearchBook.js">
        <metrics statements="4" coveredstatements="3" conditionals="0" coveredconditionals="0" methods="2" coveredmethods="1"/>
        <line num="5" count="1" type="stmt"/>
        <line num="6" count="1" type="stmt"/>
        <line num="7" count="0" type="stmt"/>
        <line num="10" count="1" type="stmt"/>
      </file>
      <file name="SearchForm.js" path="C:\Users\DELL\LOKAL ARDI\BlueBird\UNIT TEST REACT\book-list-react\src\components\SearchBook\SearchForm.js">
        <metrics statements="8" coveredstatements="5" conditionals="0" coveredconditionals="0" methods="3" coveredmethods="1"/>
        <line num="3" count="2" type="stmt"/>
        <line num="4" count="1" type="stmt"/>
        <line num="5" count="1" type="stmt"/>
        <line num="6" count="0" type="stmt"/>
        <line num="9" count="1" type="stmt"/>
        <line num="10" count="0" type="stmt"/>
        <line num="14" count="0" type="stmt"/>
        <line num="17" count="1" type="stmt"/>
      </file>
    </package>
  </project>
</coverage>
