{"C:\\Users\\DELL\\LOKAL ARDI\\BlueBird\\UNIT TEST REACT\\book-list-react\\src\\App.js": {"path":"C:\\Users\\DELL\\LOKAL ARDI\\BlueBird\\UNIT TEST REACT\\book-list-react\\src\\App.js","statementMap":{"0":{"start":{"line":5,"column":12},"end":{"line":65,"column":1}},"1":{"start":{"line":6,"column":28},"end":{"line":6,"column":40}},"2":{"start":{"line":7,"column":44},"end":{"line":7,"column":56}},"3":{"start":{"line":9,"column":27},"end":{"line":43,"column":3}},"4":{"start":{"line":10,"column":4},"end":{"line":42,"column":9}},"5":{"start":{"line":14,"column":8},"end":{"line":14,"column":26}},"6":{"start":{"line":17,"column":8},"end":{"line":41,"column":13}},"7":{"start":{"line":19,"column":12},"end":{"line":19,"column":35}},"8":{"start":{"line":22,"column":37},"end":{"line":39,"column":14}},"9":{"start":{"line":23,"column":35},"end":{"line":25,"column":15}},"10":{"start":{"line":24,"column":34},"end":{"line":24,"column":70}},"11":{"start":{"line":27,"column":14},"end":{"line":38,"column":16}},"12":{"start":{"line":40,"column":12},"end":{"line":40,"column":39}},"13":{"start":{"line":45,"column":2},"end":{"line":64,"column":4}},"14":{"start":{"line":50,"column":12},"end":{"line":50,"column":48}},"15":{"start":{"line":51,"column":12},"end":{"line":51,"column":48}},"16":{"start":{"line":57,"column":12},"end":{"line":59,"column":13}},"17":{"start":{"line":58,"column":14},"end":{"line":58,"column":46}}},"fnMap":{"0":{"name":"(anonymous_0)","decl":{"start":{"line":5,"column":12},"end":{"line":5,"column":13}},"loc":{"start":{"line":5,"column":18},"end":{"line":65,"column":1}},"line":5},"1":{"name":"(anonymous_1)","decl":{"start":{"line":9,"column":27},"end":{"line":9,"column":28}},"loc":{"start":{"line":9,"column":51},"end":{"line":43,"column":3}},"line":9},"2":{"name":"(anonymous_2)","decl":{"start":{"line":13,"column":12},"end":{"line":13,"column":13}},"loc":{"start":{"line":13,"column":21},"end":{"line":15,"column":7}},"line":13},"3":{"name":"(anonymous_3)","decl":{"start":{"line":16,"column":12},"end":{"line":16,"column":13}},"loc":{"start":{"line":16,"column":30},"end":{"line":42,"column":7}},"line":16},"4":{"name":"(anonymous_4)","decl":{"start":{"line":18,"column":16},"end":{"line":18,"column":17}},"loc":{"start":{"line":18,"column":30},"end":{"line":20,"column":11}},"line":18},"5":{"name":"(anonymous_5)","decl":{"start":{"line":21,"column":16},"end":{"line":21,"column":17}},"loc":{"start":{"line":21,"column":26},"end":{"line":41,"column":11}},"line":21},"6":{"name":"(anonymous_6)","decl":{"start":{"line":22,"column":52},"end":{"line":22,"column":53}},"loc":{"start":{"line":22,"column":66},"end":{"line":39,"column":13}},"line":22},"7":{"name":"(anonymous_7)","decl":{"start":{"line":24,"column":16},"end":{"line":24,"column":17}},"loc":{"start":{"line":24,"column":34},"end":{"line":24,"column":70}},"line":24},"8":{"name":"(anonymous_8)","decl":{"start":{"line":49,"column":22},"end":{"line":49,"column":23}},"loc":{"start":{"line":49,"column":39},"end":{"line":52,"column":11}},"line":49},"9":{"name":"(anonymous_9)","decl":{"start":{"line":56,"column":28},"end":{"line":56,"column":29}},"loc":{"start":{"line":56,"column":39},"end":{"line":60,"column":11}},"line":56}},"branchMap":{"0":{"loc":{"start":{"line":9,"column":34},"end":{"line":9,"column":46}},"type":"default-arg","locations":[{"start":{"line":9,"column":44},"end":{"line":9,"column":46}}],"line":9},"1":{"loc":{"start":{"line":28,"column":20},"end":{"line":28,"column":65}},"type":"cond-expr","locations":[{"start":{"line":28,"column":35},"end":{"line":28,"column":51}},{"start":{"line":28,"column":54},"end":{"line":28,"column":65}}],"line":28},"2":{"loc":{"start":{"line":30,"column":24},"end":{"line":30,"column":57}},"type":"binary-expr","locations":[{"start":{"line":30,"column":24},"end":{"line":30,"column":51}},{"start":{"line":30,"column":55},"end":{"line":30,"column":57}}],"line":30},"3":{"loc":{"start":{"line":31,"column":27},"end":{"line":35,"column":68}},"type":"cond-expr","locations":[{"start":{"line":32,"column":20},"end":{"line":34,"column":70}},{"start":{"line":35,"column":20},"end":{"line":35,"column":68}}],"line":31},"4":{"loc":{"start":{"line":32,"column":20},"end":{"line":34,"column":70}},"type":"cond-expr","locations":[{"start":{"line":33,"column":22},"end":{"line":33,"column":62}},{"start":{"line":34,"column":22},"end":{"line":34,"column":70}}],"line":32},"5":{"loc":{"start":{"line":36,"column":24},"end":{"line":36,"column":61}},"type":"binary-expr","locations":[{"start":{"line":36,"column":24},"end":{"line":36,"column":56}},{"start":{"line":36,"column":60},"end":{"line":36,"column":61}}],"line":36},"6":{"loc":{"start":{"line":37,"column":29},"end":{"line":37,"column":56}},"type":"cond-expr","locations":[{"start":{"line":37,"column":44},"end":{"line":37,"column":48}},{"start":{"line":37,"column":51},"end":{"line":37,"column":56}}],"line":37},"7":{"loc":{"start":{"line":57,"column":12},"end":{"line":59,"column":13}},"type":"if","locations":[{"start":{"line":57,"column":12},"end":{"line":59,"column":13}},{"start":{},"end":{}}],"line":57}},"s":{"0":0,"1":0,"2":0,"3":0,"4":0,"5":0,"6":0,"7":0,"8":0,"9":0,"10":0,"11":0,"12":0,"13":0,"14":0,"15":0,"16":0,"17":0},"f":{"0":0,"1":0,"2":0,"3":0,"4":0,"5":0,"6":0,"7":0,"8":0,"9":0},"b":{"0":[0],"1":[0,0],"2":[0,0],"3":[0,0],"4":[0,0],"5":[0,0],"6":[0,0],"7":[0,0]}}
,"C:\\Users\\DELL\\LOKAL ARDI\\BlueBird\\UNIT TEST REACT\\book-list-react\\src\\index.js": {"path":"C:\\Users\\DELL\\LOKAL ARDI\\BlueBird\\UNIT TEST REACT\\book-list-react\\src\\index.js","statementMap":{"0":{"start":{"line":8,"column":0},"end":{"line":13,"column":2}}},"fnMap":{},"branchMap":{},"s":{"0":0},"f":{},"b":{}}
,"C:\\Users\\DELL\\LOKAL ARDI\\BlueBird\\UNIT TEST REACT\\book-list-react\\src\\components\\Books\\BookItem.js": {"path":"C:\\Users\\DELL\\LOKAL ARDI\\BlueBird\\UNIT TEST REACT\\book-list-react\\src\\components\\Books\\BookItem.js","statementMap":{"0":{"start":{"line":4,"column":17},"end":{"line":51,"column":1}},"1":{"start":{"line":13,"column":6},"end":{"line":13,"column":11}},"2":{"start":{"line":15,"column":2},"end":{"line":17,"column":3}},"3":{"start":{"line":16,"column":4},"end":{"line":16,"column":16}},"4":{"start":{"line":19,"column":2},"end":{"line":50,"column":4}},"5":{"start":{"line":34,"column":18},"end":{"line":34,"column":66}},"6":{"start":{"line":44,"column":43},"end":{"line":44,"column":66}}},"fnMap":{"0":{"name":"(anonymous_0)","decl":{"start":{"line":4,"column":17},"end":{"line":4,"column":18}},"loc":{"start":{"line":4,"column":28},"end":{"line":51,"column":1}},"line":4},"1":{"name":"(anonymous_1)","decl":{"start":{"line":33,"column":28},"end":{"line":33,"column":29}},"loc":{"start":{"line":34,"column":18},"end":{"line":34,"column":66}},"line":34},"2":{"name":"(anonymous_2)","decl":{"start":{"line":44,"column":32},"end":{"line":44,"column":33}},"loc":{"start":{"line":44,"column":43},"end":{"line":44,"column":66}},"line":44}},"branchMap":{"0":{"loc":{"start":{"line":15,"column":2},"end":{"line":17,"column":3}},"type":"if","locations":[{"start":{"line":15,"column":2},"end":{"line":17,"column":3}},{"start":{},"end":{}}],"line":15},"1":{"loc":{"start":{"line":34,"column":18},"end":{"line":34,"column":66}},"type":"cond-expr","locations":[{"start":{"line":34,"column":48},"end":{"line":34,"column":52}},{"start":{"line":34,"column":55},"end":{"line":34,"column":66}}],"line":34}},"s":{"0":2,"1":2,"2":2,"3":1,"4":1,"5":1,"6":0},"f":{"0":2,"1":1,"2":0},"b":{"0":[1,1],"1":[1,0]},"_coverageSchema":"1a1c01bbd47fc00a2c39e90264f33305004495a9","hash":"af753690c4d999f9001448b169edabdaab0abfd0"}
,"C:\\Users\\DELL\\LOKAL ARDI\\BlueBird\\UNIT TEST REACT\\book-list-react\\src\\components\\Books\\Books.js": {"path":"C:\\Users\\DELL\\LOKAL ARDI\\BlueBird\\UNIT TEST REACT\\book-list-react\\src\\components\\Books\\Books.js","statementMap":{"0":{"start":{"line":5,"column":14},"end":{"line":40,"column":1}},"1":{"start":{"line":6,"column":38},"end":{"line":6,"column":43}},"2":{"start":{"line":8,"column":2},"end":{"line":10,"column":3}},"3":{"start":{"line":9,"column":4},"end":{"line":9,"column":16}},"4":{"start":{"line":12,"column":2},"end":{"line":39,"column":4}},"5":{"start":{"line":18,"column":12},"end":{"line":27,"column":14}},"6":{"start":{"line":26,"column":43},"end":{"line":26,"column":66}}},"fnMap":{"0":{"name":"(anonymous_0)","decl":{"start":{"line":5,"column":14},"end":{"line":5,"column":15}},"loc":{"start":{"line":5,"column":25},"end":{"line":40,"column":1}},"line":5},"1":{"name":"(anonymous_1)","decl":{"start":{"line":17,"column":20},"end":{"line":17,"column":21}},"loc":{"start":{"line":18,"column":12},"end":{"line":27,"column":14}},"line":18},"2":{"name":"(anonymous_2)","decl":{"start":{"line":26,"column":32},"end":{"line":26,"column":33}},"loc":{"start":{"line":26,"column":43},"end":{"line":26,"column":66}},"line":26}},"branchMap":{"0":{"loc":{"start":{"line":8,"column":2},"end":{"line":10,"column":3}},"type":"if","locations":[{"start":{"line":8,"column":2},"end":{"line":10,"column":3}},{"start":{},"end":{}}],"line":8},"1":{"loc":{"start":{"line":16,"column":9},"end":{"line":36,"column":9}},"type":"cond-expr","locations":[{"start":{"line":17,"column":10},"end":{"line":28,"column":12}},{"start":{"line":30,"column":10},"end":{"line":35,"column":16}}],"line":16}},"s":{"0":1,"1":2,"2":2,"3":2,"4":0,"5":0,"6":0},"f":{"0":2,"1":0,"2":0},"b":{"0":[2,0],"1":[0,0]},"_coverageSchema":"1a1c01bbd47fc00a2c39e90264f33305004495a9","hash":"1b7efa26a492acc67eafc99bdb843dff8c3a9541"}
,"C:\\Users\\DELL\\LOKAL ARDI\\BlueBird\\UNIT TEST REACT\\book-list-react\\src\\components\\Books\\FavoriteItem.js": {"path":"C:\\Users\\DELL\\LOKAL ARDI\\BlueBird\\UNIT TEST REACT\\book-list-react\\src\\components\\Books\\FavoriteItem.js","statementMap":{"0":{"start":{"line":3,"column":21},"end":{"line":42,"column":1}},"1":{"start":{"line":4,"column":23},"end":{"line":16,"column":3}},"2":{"start":{"line":5,"column":27},"end":{"line":9,"column":5}},"3":{"start":{"line":10,"column":4},"end":{"line":15,"column":48}},"4":{"start":{"line":14,"column":26},"end":{"line":14,"column":41}},"5":{"start":{"line":15,"column":18},"end":{"line":15,"column":46}},"6":{"start":{"line":18,"column":25},"end":{"line":25,"column":3}},"7":{"start":{"line":19,"column":4},"end":{"line":24,"column":47}},"8":{"start":{"line":24,"column":17},"end":{"line":24,"column":45}},"9":{"start":{"line":27,"column":2},"end":{"line":41,"column":4}},"10":{"start":{"line":32,"column":8},"end":{"line":36,"column":9}},"11":{"start":{"line":33,"column":10},"end":{"line":33,"column":33}},"12":{"start":{"line":35,"column":10},"end":{"line":35,"column":35}}},"fnMap":{"0":{"name":"(anonymous_0)","decl":{"start":{"line":3,"column":21},"end":{"line":3,"column":22}},"loc":{"start":{"line":3,"column":32},"end":{"line":42,"column":1}},"line":3},"1":{"name":"(anonymous_1)","decl":{"start":{"line":4,"column":23},"end":{"line":4,"column":24}},"loc":{"start":{"line":4,"column":36},"end":{"line":16,"column":3}},"line":4},"2":{"name":"(anonymous_2)","decl":{"start":{"line":14,"column":12},"end":{"line":14,"column":13}},"loc":{"start":{"line":14,"column":26},"end":{"line":14,"column":41}},"line":14},"3":{"name":"(anonymous_3)","decl":{"start":{"line":15,"column":12},"end":{"line":15,"column":13}},"loc":{"start":{"line":15,"column":18},"end":{"line":15,"column":46}},"line":15},"4":{"name":"(anonymous_4)","decl":{"start":{"line":18,"column":25},"end":{"line":18,"column":26}},"loc":{"start":{"line":18,"column":38},"end":{"line":25,"column":3}},"line":18},"5":{"name":"(anonymous_5)","decl":{"start":{"line":24,"column":11},"end":{"line":24,"column":12}},"loc":{"start":{"line":24,"column":17},"end":{"line":24,"column":45}},"line":24},"6":{"name":"(anonymous_6)","decl":{"start":{"line":31,"column":15},"end":{"line":31,"column":16}},"loc":{"start":{"line":31,"column":21},"end":{"line":37,"column":7}},"line":31}},"branchMap":{"0":{"loc":{"start":{"line":30,"column":17},"end":{"line":30,"column":78}},"type":"cond-expr","locations":[{"start":{"line":30,"column":38},"end":{"line":30,"column":57}},{"start":{"line":30,"column":60},"end":{"line":30,"column":78}}],"line":30},"1":{"loc":{"start":{"line":32,"column":8},"end":{"line":36,"column":9}},"type":"if","locations":[{"start":{"line":32,"column":8},"end":{"line":36,"column":9}},{"start":{"line":34,"column":15},"end":{"line":36,"column":9}}],"line":32},"2":{"loc":{"start":{"line":39,"column":10},"end":{"line":39,"column":40}},"type":"cond-expr","locations":[{"start":{"line":39,"column":31},"end":{"line":39,"column":34}},{"start":{"line":39,"column":37},"end":{"line":39,"column":40}}],"line":39}},"s":{"0":3,"1":1,"2":0,"3":0,"4":0,"5":0,"6":1,"7":0,"8":0,"9":1,"10":0,"11":0,"12":0},"f":{"0":1,"1":0,"2":0,"3":0,"4":0,"5":0,"6":0},"b":{"0":[1,0],"1":[0,0],"2":[1,0]},"_coverageSchema":"1a1c01bbd47fc00a2c39e90264f33305004495a9","hash":"9d606aeaf1711492f6cf6918d6d1058582c4b653"}
,"C:\\Users\\DELL\\LOKAL ARDI\\BlueBird\\UNIT TEST REACT\\book-list-react\\src\\components\\SearchBook\\SearchBook.js": {"path":"C:\\Users\\DELL\\LOKAL ARDI\\BlueBird\\UNIT TEST REACT\\book-list-react\\src\\components\\SearchBook\\SearchBook.js","statementMap":{"0":{"start":{"line":5,"column":19},"end":{"line":16,"column":1}},"1":{"start":{"line":6,"column":30},"end":{"line":8,"column":3}},"2":{"start":{"line":7,"column":4},"end":{"line":7,"column":38}},"3":{"start":{"line":10,"column":2},"end":{"line":15,"column":4}}},"fnMap":{"0":{"name":"(anonymous_0)","decl":{"start":{"line":5,"column":19},"end":{"line":5,"column":20}},"loc":{"start":{"line":5,"column":30},"end":{"line":16,"column":1}},"line":5},"1":{"name":"(anonymous_1)","decl":{"start":{"line":6,"column":30},"end":{"line":6,"column":31}},"loc":{"start":{"line":6,"column":51},"end":{"line":8,"column":3}},"line":6}},"branchMap":{},"s":{"0":1,"1":1,"2":0,"3":1},"f":{"0":1,"1":0},"b":{},"_coverageSchema":"1a1c01bbd47fc00a2c39e90264f33305004495a9","hash":"fffae2ef488cd0e7b0e5b5fb276b18daef35c37b"}
,"C:\\Users\\DELL\\LOKAL ARDI\\BlueBird\\UNIT TEST REACT\\book-list-react\\src\\components\\SearchBook\\SearchForm.js": {"path":"C:\\Users\\DELL\\LOKAL ARDI\\BlueBird\\UNIT TEST REACT\\book-list-react\\src\\components\\SearchBook\\SearchForm.js","statementMap":{"0":{"start":{"line":3,"column":19},"end":{"line":42,"column":1}},"1":{"start":{"line":4,"column":42},"end":{"line":4,"column":54}},"2":{"start":{"line":5,"column":34},"end":{"line":7,"column":3}},"3":{"start":{"line":6,"column":4},"end":{"line":6,"column":40}},"4":{"start":{"line":9,"column":24},"end":{"line":15,"column":3}},"5":{"start":{"line":10,"column":21},"end":{"line":12,"column":5}},"6":{"start":{"line":14,"column":4},"end":{"line":14,"column":37}},"7":{"start":{"line":17,"column":2},"end":{"line":41,"column":4}}},"fnMap":{"0":{"name":"(anonymous_0)","decl":{"start":{"line":3,"column":19},"end":{"line":3,"column":20}},"loc":{"start":{"line":3,"column":30},"end":{"line":42,"column":1}},"line":3},"1":{"name":"(anonymous_1)","decl":{"start":{"line":5,"column":34},"end":{"line":5,"column":35}},"loc":{"start":{"line":5,"column":45},"end":{"line":7,"column":3}},"line":5},"2":{"name":"(anonymous_2)","decl":{"start":{"line":9,"column":24},"end":{"line":9,"column":25}},"loc":{"start":{"line":9,"column":35},"end":{"line":15,"column":3}},"line":9}},"branchMap":{},"s":{"0":2,"1":1,"2":1,"3":0,"4":1,"5":0,"6":0,"7":1},"f":{"0":1,"1":0,"2":0},"b":{},"_coverageSchema":"1a1c01bbd47fc00a2c39e90264f33305004495a9","hash":"91d87f2c0fe0f154a9ea6af3d4f67c81ae1cc52b"}
}
