{"C:\\Users\\DELL\\LOKAL ARDI\\BlueBird\\UNIT TEST REACT\\book-list-react\\src\\App.js": {"path":"C:\\Users\\DELL\\LOKAL ARDI\\BlueBird\\UNIT TEST REACT\\book-list-react\\src\\App.js","statementMap":{"0":{"start":{"line":7,"column":12},"end":{"line":26,"column":1}},"1":{"start":{"line":8,"column":44},"end":{"line":8,"column":56}},"2":{"start":{"line":10,"column":19},"end":{"line":10,"column":32}},"3":{"start":{"line":11,"column":16},"end":{"line":11,"column":51}},"4":{"start":{"line":11,"column":39},"end":{"line":11,"column":50}},"5":{"start":{"line":13,"column":2},"end":{"line":25,"column":4}},"6":{"start":{"line":18,"column":12},"end":{"line":18,"column":52}},"7":{"start":{"line":19,"column":12},"end":{"line":19,"column":48}}},"fnMap":{"0":{"name":"(anonymous_0)","decl":{"start":{"line":7,"column":12},"end":{"line":7,"column":13}},"loc":{"start":{"line":7,"column":18},"end":{"line":26,"column":1}},"line":7},"1":{"name":"(anonymous_1)","decl":{"start":{"line":11,"column":28},"end":{"line":11,"column":29}},"loc":{"start":{"line":11,"column":39},"end":{"line":11,"column":50}},"line":11},"2":{"name":"(anonymous_2)","decl":{"start":{"line":17,"column":22},"end":{"line":17,"column":23}},"loc":{"start":{"line":17,"column":39},"end":{"line":20,"column":11}},"line":17}},"branchMap":{},"s":{"0":0,"1":0,"2":0,"3":0,"4":0,"5":0,"6":0,"7":0},"f":{"0":0,"1":0,"2":0},"b":{}}
,"C:\\Users\\DELL\\LOKAL ARDI\\BlueBird\\UNIT TEST REACT\\book-list-react\\src\\createStore.js": {"path":"C:\\Users\\DELL\\LOKAL ARDI\\BlueBird\\UNIT TEST REACT\\book-list-react\\src\\createStore.js","statementMap":{"0":{"start":{"line":5,"column":27},"end":{"line":5,"column":39}},"1":{"start":{"line":7,"column":37},"end":{"line":9,"column":1}},"2":{"start":{"line":11,"column":21},"end":{"line":11,"column":55}}},"fnMap":{},"branchMap":{},"s":{"0":0,"1":0,"2":0},"f":{},"b":{}}
,"C:\\Users\\DELL\\LOKAL ARDI\\BlueBird\\UNIT TEST REACT\\book-list-react\\src\\index.js": {"path":"C:\\Users\\DELL\\LOKAL ARDI\\BlueBird\\UNIT TEST REACT\\book-list-react\\src\\index.js","statementMap":{"0":{"start":{"line":10,"column":0},"end":{"line":17,"column":2}}},"fnMap":{},"branchMap":{},"s":{"0":0},"f":{},"b":{}}
,"C:\\Users\\DELL\\LOKAL ARDI\\BlueBird\\UNIT TEST REACT\\book-list-react\\src\\actions\\index.js": {"path":"C:\\Users\\DELL\\LOKAL ARDI\\BlueBird\\UNIT TEST REACT\\book-list-react\\src\\actions\\index.js","statementMap":{"0":{"start":{"line":3,"column":26},"end":{"line":40,"column":1}},"1":{"start":{"line":3,"column":39},"end":{"line":40,"column":1}},"2":{"start":{"line":4,"column":2},"end":{"line":39,"column":7}},"3":{"start":{"line":8,"column":6},"end":{"line":8,"column":24}},"4":{"start":{"line":11,"column":6},"end":{"line":38,"column":11}},"5":{"start":{"line":13,"column":10},"end":{"line":13,"column":33}},"6":{"start":{"line":16,"column":35},"end":{"line":33,"column":12}},"7":{"start":{"line":17,"column":33},"end":{"line":19,"column":13}},"8":{"start":{"line":18,"column":32},"end":{"line":18,"column":68}},"9":{"start":{"line":21,"column":12},"end":{"line":32,"column":14}},"10":{"start":{"line":34,"column":10},"end":{"line":37,"column":13}}},"fnMap":{"0":{"name":"(anonymous_0)","decl":{"start":{"line":3,"column":26},"end":{"line":3,"column":27}},"loc":{"start":{"line":3,"column":39},"end":{"line":40,"column":1}},"line":3},"1":{"name":"(anonymous_1)","decl":{"start":{"line":3,"column":39},"end":{"line":3,"column":40}},"loc":{"start":{"line":3,"column":59},"end":{"line":40,"column":1}},"line":3},"2":{"name":"(anonymous_2)","decl":{"start":{"line":7,"column":10},"end":{"line":7,"column":11}},"loc":{"start":{"line":7,"column":19},"end":{"line":9,"column":5}},"line":7},"3":{"name":"(anonymous_3)","decl":{"start":{"line":10,"column":10},"end":{"line":10,"column":11}},"loc":{"start":{"line":10,"column":28},"end":{"line":39,"column":5}},"line":10},"4":{"name":"(anonymous_4)","decl":{"start":{"line":12,"column":14},"end":{"line":12,"column":15}},"loc":{"start":{"line":12,"column":28},"end":{"line":14,"column":9}},"line":12},"5":{"name":"(anonymous_5)","decl":{"start":{"line":15,"column":14},"end":{"line":15,"column":15}},"loc":{"start":{"line":15,"column":24},"end":{"line":38,"column":9}},"line":15},"6":{"name":"(anonymous_6)","decl":{"start":{"line":16,"column":50},"end":{"line":16,"column":51}},"loc":{"start":{"line":16,"column":64},"end":{"line":33,"column":11}},"line":16},"7":{"name":"(anonymous_7)","decl":{"start":{"line":18,"column":14},"end":{"line":18,"column":15}},"loc":{"start":{"line":18,"column":32},"end":{"line":18,"column":68}},"line":18}},"branchMap":{"0":{"loc":{"start":{"line":22,"column":18},"end":{"line":22,"column":63}},"type":"cond-expr","locations":[{"start":{"line":22,"column":33},"end":{"line":22,"column":49}},{"start":{"line":22,"column":52},"end":{"line":22,"column":63}}],"line":22},"1":{"loc":{"start":{"line":24,"column":22},"end":{"line":24,"column":55}},"type":"binary-expr","locations":[{"start":{"line":24,"column":22},"end":{"line":24,"column":49}},{"start":{"line":24,"column":53},"end":{"line":24,"column":55}}],"line":24},"2":{"loc":{"start":{"line":25,"column":25},"end":{"line":29,"column":66}},"type":"cond-expr","locations":[{"start":{"line":26,"column":18},"end":{"line":28,"column":68}},{"start":{"line":29,"column":18},"end":{"line":29,"column":66}}],"line":25},"3":{"loc":{"start":{"line":26,"column":18},"end":{"line":28,"column":68}},"type":"cond-expr","locations":[{"start":{"line":27,"column":20},"end":{"line":27,"column":60}},{"start":{"line":28,"column":20},"end":{"line":28,"column":68}}],"line":26},"4":{"loc":{"start":{"line":30,"column":22},"end":{"line":30,"column":59}},"type":"binary-expr","locations":[{"start":{"line":30,"column":22},"end":{"line":30,"column":54}},{"start":{"line":30,"column":58},"end":{"line":30,"column":59}}],"line":30},"5":{"loc":{"start":{"line":31,"column":27},"end":{"line":31,"column":54}},"type":"cond-expr","locations":[{"start":{"line":31,"column":42},"end":{"line":31,"column":46}},{"start":{"line":31,"column":49},"end":{"line":31,"column":54}}],"line":31}},"s":{"0":0,"1":0,"2":0,"3":0,"4":0,"5":0,"6":0,"7":0,"8":0,"9":0,"10":0},"f":{"0":0,"1":0,"2":0,"3":0,"4":0,"5":0,"6":0,"7":0},"b":{"0":[0,0],"1":[0,0],"2":[0,0],"3":[0,0],"4":[0,0],"5":[0,0]}}
,"C:\\Users\\DELL\\LOKAL ARDI\\BlueBird\\UNIT TEST REACT\\book-list-react\\src\\actions\\types.js": {"path":"C:\\Users\\DELL\\LOKAL ARDI\\BlueBird\\UNIT TEST REACT\\book-list-react\\src\\actions\\types.js","statementMap":{"0":{"start":{"line":1,"column":21},"end":{"line":4,"column":1}}},"fnMap":{},"branchMap":{},"s":{"0":1},"f":{},"b":{},"_coverageSchema":"1a1c01bbd47fc00a2c39e90264f33305004495a9","hash":"7fb3a28f41a3c985c6c4b780b8b915f652d07d0a"}
,"C:\\Users\\DELL\\LOKAL ARDI\\BlueBird\\UNIT TEST REACT\\book-list-react\\src\\components\\Books\\BookItem.js": {"path":"C:\\Users\\DELL\\LOKAL ARDI\\BlueBird\\UNIT TEST REACT\\book-list-react\\src\\components\\Books\\BookItem.js","statementMap":{"0":{"start":{"line":4,"column":17},"end":{"line":82,"column":1}},"1":{"start":{"line":5,"column":74},"end":{"line":5,"column":79}},"2":{"start":{"line":7,"column":38},"end":{"line":7,"column":53}},"3":{"start":{"line":31,"column":25},"end":{"line":39,"column":3}},"4":{"start":{"line":32,"column":4},"end":{"line":38,"column":5}},"5":{"start":{"line":33,"column":6},"end":{"line":33,"column":26}},"6":{"start":{"line":36,"column":6},"end":{"line":36,"column":27}},"7":{"start":{"line":41,"column":31},"end":{"line":45,"column":3}},"8":{"start":{"line":47,"column":2},"end":{"line":49,"column":3}},"9":{"start":{"line":48,"column":4},"end":{"line":48,"column":16}},"10":{"start":{"line":51,"column":2},"end":{"line":81,"column":4}},"11":{"start":{"line":66,"column":18},"end":{"line":66,"column":66}}},"fnMap":{"0":{"name":"(anonymous_0)","decl":{"start":{"line":4,"column":17},"end":{"line":4,"column":18}},"loc":{"start":{"line":4,"column":28},"end":{"line":82,"column":1}},"line":4},"1":{"name":"(anonymous_1)","decl":{"start":{"line":31,"column":25},"end":{"line":31,"column":26}},"loc":{"start":{"line":31,"column":31},"end":{"line":39,"column":3}},"line":31},"2":{"name":"(anonymous_2)","decl":{"start":{"line":65,"column":28},"end":{"line":65,"column":29}},"loc":{"start":{"line":66,"column":18},"end":{"line":66,"column":66}},"line":66}},"branchMap":{"0":{"loc":{"start":{"line":32,"column":4},"end":{"line":38,"column":5}},"type":"if","locations":[{"start":{"line":32,"column":4},"end":{"line":38,"column":5}},{"start":{"line":35,"column":11},"end":{"line":38,"column":5}}],"line":32},"1":{"loc":{"start":{"line":42,"column":16},"end":{"line":42,"column":39}},"type":"cond-expr","locations":[{"start":{"line":42,"column":30},"end":{"line":42,"column":33}},{"start":{"line":42,"column":36},"end":{"line":42,"column":39}}],"line":42},"2":{"loc":{"start":{"line":43,"column":14},"end":{"line":43,"column":48}},"type":"cond-expr","locations":[{"start":{"line":43,"column":28},"end":{"line":43,"column":37}},{"start":{"line":43,"column":40},"end":{"line":43,"column":48}}],"line":43},"3":{"loc":{"start":{"line":47,"column":2},"end":{"line":49,"column":3}},"type":"if","locations":[{"start":{"line":47,"column":2},"end":{"line":49,"column":3}},{"start":{},"end":{}}],"line":47},"4":{"loc":{"start":{"line":66,"column":18},"end":{"line":66,"column":66}},"type":"cond-expr","locations":[{"start":{"line":66,"column":48},"end":{"line":66,"column":52}},{"start":{"line":66,"column":55},"end":{"line":66,"column":66}}],"line":66}},"s":{"0":2,"1":7,"2":7,"3":7,"4":2,"5":1,"6":1,"7":7,"8":7,"9":1,"10":6,"11":12},"f":{"0":7,"1":2,"2":12},"b":{"0":[1,1],"1":[6,1],"2":[6,1],"3":[1,6],"4":[6,6]},"_coverageSchema":"1a1c01bbd47fc00a2c39e90264f33305004495a9","hash":"46dfca24c7abfc89258939fe89c33f8eda561e88"}
,"C:\\Users\\DELL\\LOKAL ARDI\\BlueBird\\UNIT TEST REACT\\book-list-react\\src\\components\\Books\\Books.js": {"path":"C:\\Users\\DELL\\LOKAL ARDI\\BlueBird\\UNIT TEST REACT\\book-list-react\\src\\components\\Books\\Books.js","statementMap":{"0":{"start":{"line":5,"column":14},"end":{"line":40,"column":1}},"1":{"start":{"line":6,"column":30},"end":{"line":6,"column":35}},"2":{"start":{"line":8,"column":2},"end":{"line":10,"column":3}},"3":{"start":{"line":9,"column":4},"end":{"line":9,"column":16}},"4":{"start":{"line":12,"column":2},"end":{"line":39,"column":4}},"5":{"start":{"line":18,"column":12},"end":{"line":27,"column":14}}},"fnMap":{"0":{"name":"(anonymous_0)","decl":{"start":{"line":5,"column":14},"end":{"line":5,"column":15}},"loc":{"start":{"line":5,"column":25},"end":{"line":40,"column":1}},"line":5},"1":{"name":"(anonymous_1)","decl":{"start":{"line":17,"column":20},"end":{"line":17,"column":21}},"loc":{"start":{"line":18,"column":12},"end":{"line":27,"column":14}},"line":18}},"branchMap":{"0":{"loc":{"start":{"line":8,"column":2},"end":{"line":10,"column":3}},"type":"if","locations":[{"start":{"line":8,"column":2},"end":{"line":10,"column":3}},{"start":{},"end":{}}],"line":8},"1":{"loc":{"start":{"line":16,"column":9},"end":{"line":36,"column":9}},"type":"cond-expr","locations":[{"start":{"line":17,"column":10},"end":{"line":28,"column":12}},{"start":{"line":30,"column":10},"end":{"line":35,"column":16}}],"line":16}},"s":{"0":1,"1":3,"2":3,"3":1,"4":2,"5":1},"f":{"0":3,"1":1},"b":{"0":[1,2],"1":[1,1]},"_coverageSchema":"1a1c01bbd47fc00a2c39e90264f33305004495a9","hash":"975a3ef3ef5de0c7ee734594196f9e916b430980"}
,"C:\\Users\\DELL\\LOKAL ARDI\\BlueBird\\UNIT TEST REACT\\book-list-react\\src\\components\\SearchBook\\SearchBook.js": {"path":"C:\\Users\\DELL\\LOKAL ARDI\\BlueBird\\UNIT TEST REACT\\book-list-react\\src\\components\\SearchBook\\SearchBook.js","statementMap":{"0":{"start":{"line":5,"column":19},"end":{"line":16,"column":1}},"1":{"start":{"line":6,"column":30},"end":{"line":8,"column":3}},"2":{"start":{"line":7,"column":4},"end":{"line":7,"column":38}},"3":{"start":{"line":10,"column":2},"end":{"line":15,"column":4}}},"fnMap":{"0":{"name":"(anonymous_0)","decl":{"start":{"line":5,"column":19},"end":{"line":5,"column":20}},"loc":{"start":{"line":5,"column":30},"end":{"line":16,"column":1}},"line":5},"1":{"name":"(anonymous_1)","decl":{"start":{"line":6,"column":30},"end":{"line":6,"column":31}},"loc":{"start":{"line":6,"column":51},"end":{"line":8,"column":3}},"line":6}},"branchMap":{},"s":{"0":1,"1":1,"2":0,"3":1},"f":{"0":1,"1":0},"b":{},"_coverageSchema":"1a1c01bbd47fc00a2c39e90264f33305004495a9","hash":"fffae2ef488cd0e7b0e5b5fb276b18daef35c37b"}
,"C:\\Users\\DELL\\LOKAL ARDI\\BlueBird\\UNIT TEST REACT\\book-list-react\\src\\components\\SearchBook\\SearchForm.js": {"path":"C:\\Users\\DELL\\LOKAL ARDI\\BlueBird\\UNIT TEST REACT\\book-list-react\\src\\components\\SearchBook\\SearchForm.js","statementMap":{"0":{"start":{"line":4,"column":19},"end":{"line":43,"column":1}},"1":{"start":{"line":5,"column":42},"end":{"line":5,"column":54}},"2":{"start":{"line":6,"column":34},"end":{"line":8,"column":3}},"3":{"start":{"line":7,"column":4},"end":{"line":7,"column":40}},"4":{"start":{"line":10,"column":24},"end":{"line":16,"column":3}},"5":{"start":{"line":11,"column":21},"end":{"line":13,"column":5}},"6":{"start":{"line":15,"column":4},"end":{"line":15,"column":37}},"7":{"start":{"line":18,"column":29},"end":{"line":22,"column":3}},"8":{"start":{"line":24,"column":2},"end":{"line":42,"column":4}}},"fnMap":{"0":{"name":"(anonymous_0)","decl":{"start":{"line":4,"column":19},"end":{"line":4,"column":20}},"loc":{"start":{"line":4,"column":30},"end":{"line":43,"column":1}},"line":4},"1":{"name":"(anonymous_1)","decl":{"start":{"line":6,"column":34},"end":{"line":6,"column":35}},"loc":{"start":{"line":6,"column":45},"end":{"line":8,"column":3}},"line":6},"2":{"name":"(anonymous_2)","decl":{"start":{"line":10,"column":24},"end":{"line":10,"column":25}},"loc":{"start":{"line":10,"column":30},"end":{"line":16,"column":3}},"line":10}},"branchMap":{},"s":{"0":2,"1":2,"2":2,"3":0,"4":2,"5":0,"6":0,"7":2,"8":2},"f":{"0":2,"1":0,"2":0},"b":{},"_coverageSchema":"1a1c01bbd47fc00a2c39e90264f33305004495a9","hash":"4994957fdcf7dcb2add3c9cd9fa0f0e7a9bc828c"}
,"C:\\Users\\DELL\\LOKAL ARDI\\BlueBird\\UNIT TEST REACT\\book-list-react\\src\\components\\SharedButton\\SharedButton.js": {"path":"C:\\Users\\DELL\\LOKAL ARDI\\BlueBird\\UNIT TEST REACT\\book-list-react\\src\\components\\SharedButton\\SharedButton.js","statementMap":{"0":{"start":{"line":3,"column":21},"end":{"line":28,"column":1}},"1":{"start":{"line":4,"column":56},"end":{"line":4,"column":61}},"2":{"start":{"line":6,"column":22},"end":{"line":10,"column":3}},"3":{"start":{"line":7,"column":4},"end":{"line":9,"column":5}},"4":{"start":{"line":8,"column":6},"end":{"line":8,"column":21}},"5":{"start":{"line":12,"column":2},"end":{"line":27,"column":4}},"6":{"start":{"line":15,"column":21},"end":{"line":15,"column":34}}},"fnMap":{"0":{"name":"(anonymous_0)","decl":{"start":{"line":3,"column":21},"end":{"line":3,"column":22}},"loc":{"start":{"line":3,"column":32},"end":{"line":28,"column":1}},"line":3},"1":{"name":"(anonymous_1)","decl":{"start":{"line":6,"column":22},"end":{"line":6,"column":23}},"loc":{"start":{"line":6,"column":28},"end":{"line":10,"column":3}},"line":6},"2":{"name":"(anonymous_2)","decl":{"start":{"line":15,"column":15},"end":{"line":15,"column":16}},"loc":{"start":{"line":15,"column":21},"end":{"line":15,"column":34}},"line":15}},"branchMap":{"0":{"loc":{"start":{"line":7,"column":4},"end":{"line":9,"column":5}},"type":"if","locations":[{"start":{"line":7,"column":4},"end":{"line":9,"column":5}},{"start":{},"end":{}}],"line":7},"1":{"loc":{"start":{"line":18,"column":8},"end":{"line":22,"column":20}},"type":"cond-expr","locations":[{"start":{"line":19,"column":12},"end":{"line":19,"column":31}},{"start":{"line":20,"column":12},"end":{"line":22,"column":20}}],"line":18},"2":{"loc":{"start":{"line":20,"column":12},"end":{"line":22,"column":20}},"type":"cond-expr","locations":[{"start":{"line":21,"column":12},"end":{"line":21,"column":30}},{"start":{"line":22,"column":12},"end":{"line":22,"column":20}}],"line":20}},"s":{"0":5,"1":7,"2":7,"3":2,"4":2,"5":7,"6":2},"f":{"0":7,"1":2,"2":2},"b":{"0":[2,0],"1":[6,1],"2":[1,0]},"_coverageSchema":"1a1c01bbd47fc00a2c39e90264f33305004495a9","hash":"e710b113d8e24764accd0f22fb18484b35028174"}
,"C:\\Users\\DELL\\LOKAL ARDI\\BlueBird\\UNIT TEST REACT\\book-list-react\\src\\reducers\\index.js": {"path":"C:\\Users\\DELL\\LOKAL ARDI\\BlueBird\\UNIT TEST REACT\\book-list-react\\src\\reducers\\index.js","statementMap":{},"fnMap":{},"branchMap":{},"s":{},"f":{},"b":{}}
,"C:\\Users\\DELL\\LOKAL ARDI\\BlueBird\\UNIT TEST REACT\\book-list-react\\src\\reducers\\books\\booksReducer.js": {"path":"C:\\Users\\DELL\\LOKAL ARDI\\BlueBird\\UNIT TEST REACT\\book-list-react\\src\\reducers\\books\\booksReducer.js","statementMap":{"0":{"start":{"line":4,"column":2},"end":{"line":9,"column":3}},"1":{"start":{"line":6,"column":6},"end":{"line":6,"column":28}},"2":{"start":{"line":8,"column":6},"end":{"line":8,"column":19}}},"fnMap":{"0":{"name":"(anonymous_0)","decl":{"start":{"line":3,"column":15},"end":{"line":3,"column":16}},"loc":{"start":{"line":3,"column":39},"end":{"line":10,"column":1}},"line":3}},"branchMap":{"0":{"loc":{"start":{"line":3,"column":16},"end":{"line":3,"column":26}},"type":"default-arg","locations":[{"start":{"line":3,"column":24},"end":{"line":3,"column":26}}],"line":3},"1":{"loc":{"start":{"line":4,"column":2},"end":{"line":9,"column":3}},"type":"switch","locations":[{"start":{"line":5,"column":4},"end":{"line":6,"column":28}},{"start":{"line":7,"column":4},"end":{"line":8,"column":19}}],"line":4}},"s":{"0":2,"1":1,"2":1},"f":{"0":2},"b":{"0":[2],"1":[1,1]},"_coverageSchema":"1a1c01bbd47fc00a2c39e90264f33305004495a9","hash":"d2de64fdab7aa4fd08c07a7cea175434e1750704"}
}
